Private-Key: (2048 bit, 2 primes)
modulus:
    00:b7:02:ab:fe:20:0e:53:a8:48:72:31:2a:b1:05:
    91:f6:41:c0:6b:cf:e6:32:52:5d:7a:05:ad:70:dd:
    a7:6d:8c:aa:32:a8:ec:f4:35:22:46:7d:ac:c8:c0:
    c5:87:77:c3:43:3a:8d:90:0a:b7:32:a4:91:fd:d5:
    5f:29:03:b3:88:c6:9c:88:16:a1:c8:08:32:51:e3:
    4f:99:bc:ce:ac:6b:5f:73:e8:c9:66:df:90:87:24:
    e5:1f:d2:3c:2a:83:10:a1:58:6c:29:9c:8e:88:77:
    d6:bc:b2:59:c7:85:2c:47:7e:a7:37:bb:0f:15:88:
    6a:bc:d3:d2:00:7c:3d:eb:d9:a0:26:67:db:81:0d:
    ef:53:16:11:4c:86:f0:d6:d6:39:15:5a:b4:31:21:
    3c:0b:15:51:08:cf:f3:9b:8c:e2:b6:3f:2c:af:23:
    f8:85:25:40:1d:d0:56:2f:56:40:55:f7:0f:ac:75:
    8c:e9:41:16:b0:35:08:f5:7f:d3:66:bb:2b:5a:34:
    a1:3f:f4:db:4a:55:05:5e:e2:55:c5:2f:bd:61:36:
    63:80:c0:1a:2b:d0:33:40:d0:44:38:ec:d1:70:6a:
    21:34:c9:1c:f7:a4:f9:a0:b5:de:44:86:8c:f2:21:
    df:81:e4:b1:6b:d4:e4:19:2c:5c:52:78:40:01:10:
    cf:cf
publicExponent: 65537 (0x10001)
privateExponent:
    55:11:31:df:43:09:45:cb:a0:39:2c:2f:7a:ef:6a:
    e4:7b:b5:b4:a7:83:89:fa:8d:26:ce:02:cb:c6:cc:
    2f:78:c6:18:1c:3b:60:5c:5e:5d:43:c7:8f:dd:43:
    33:ef:f0:5c:8c:98:06:cf:64:4e:6e:fe:c9:6d:67:
    f9:49:96:27:4a:a2:b2:03:4b:1a:0e:ed:4c:f1:0b:
    2c:1b:fe:39:59:03:9a:7e:27:37:e1:4d:6d:f4:31:
    68:b4:31:71:55:50:e2:9e:96:50:55:4c:4f:94:dc:
    c5:03:66:05:ff:1a:10:f5:87:46:b9:75:8e:7d:c5:
    97:96:22:34:45:8c:06:d7:6c:82:1e:d4:6d:53:80:
    a5:c1:84:6b:82:e0:35:a8:9c:9c:1b:e5:3c:23:b4:
    19:b4:9e:2b:f3:75:5a:5f:34:db:b6:39:12:5d:c8:
    c3:6e:87:8a:17:78:7d:f6:1e:f7:df:88:16:e7:e9:
    0a:47:da:76:7d:b2:31:4b:01:7c:06:eb:da:08:23:
    76:bf:3e:9b:19:df:15:d2:98:c0:da:19:fd:de:cf:
    56:99:49:1f:3a:93:ef:05:d1:20:5c:af:67:2e:fe:
    d3:11:00:d4:62:90:8d:b7:8e:12:5a:a8:f6:59:ae:
    a4:84:98:ea:f3:08:da:54:d1:ac:b6:dd:ba:58:93:
    a9
prime1:
    00:ef:5f:c2:1b:d4:7f:87:98:ac:24:a6:63:1a:65:
    72:ad:b0:d0:29:56:f6:3c:f0:c5:9b:45:47:3d:e5:
    7d:dc:0d:d5:f7:0f:c8:ed:28:4d:cf:ad:af:73:d4:
    45:af:4d:52:c6:f7:aa:72:61:53:f6:d7:27:cb:ef:
    a2:71:0d:c0:3a:4c:86:19:72:0b:ad:e8:7e:80:87:
    5a:8d:e4:bb:d1:26:8f:24:78:73:59:2e:e3:9a:ae:
    87:d3:fa:4f:87:a6:22:9f:7f:9a:0c:64:c6:bf:3c:
    e1:94:a2:ce:fd:63:f5:53:a1:f5:c4:e0:09:af:e9:
    ce:0e:9f:dd:ae:d9:ec:84:dd
prime2:
    00:c3:b8:ba:6a:c5:52:87:8c:f2:de:5c:d0:d6:58:
    93:0c:4a:42:3e:35:f3:f7:ab:a7:96:7f:5b:c1:96:
    41:2f:75:4c:a3:8f:f3:f6:db:21:03:67:6c:15:5c:
    b7:0f:5b:76:ba:6b:aa:38:7d:02:c6:3a:84:08:eb:
    a2:a7:2c:4f:be:65:8f:05:65:cc:f6:9a:b7:da:3b:
    dd:35:11:e2:5d:5b:ee:f1:bd:a0:d5:a8:17:8d:d3:
    96:f8:1c:f3:76:0b:78:ad:20:fa:8f:47:cd:b0:b3:
    d0:6c:79:54:d7:30:19:28:c4:da:d1:9f:e7:71:15:
    47:20:50:44:ad:98:f0:f6:9b
exponent1:
    58:7d:3a:c1:94:fd:8b:ff:d9:6b:37:03:1d:c7:f0:
    eb:da:98:29:20:17:a9:11:8c:cb:48:81:fc:94:b0:
    c1:3f:70:20:83:fa:50:09:7d:32:4f:cf:b3:6e:fe:
    4f:be:b2:e2:10:be:36:c8:5a:04:bf:26:dc:11:fb:
    27:f5:e0:60:ec:d7:09:e3:0a:04:41:15:3a:a8:4e:
    c6:73:8f:26:d3:2d:49:5b:29:b1:07:4f:66:68:2c:
    98:25:49:6f:28:f0:55:ac:13:23:8f:c1:95:02:89:
    95:ab:d5:ff:00:0b:b9:dd:fe:7f:c8:1e:6c:a4:6e:
    e3:23:20:0d:3a:4c:60:15
exponent2:
    45:cb:bb:96:d5:d5:4f:87:81:18:b1:0a:bc:55:8b:
    e2:e7:1c:66:69:01:1e:82:75:5a:23:02:ca:af:55:
    81:a2:17:f9:80:1d:65:1b:d1:d3:0f:ef:a8:52:8e:
    e9:88:19:77:f3:6b:19:87:e3:14:63:cb:b0:0e:af:
    cb:63:ee:f0:1b:f1:7b:e0:48:ce:6c:70:41:ff:f5:
    2b:b6:bb:fd:c5:0a:19:e5:20:d4:f0:83:ad:cd:15:
    da:57:20:af:28:fa:18:eb:58:ce:fd:b1:29:61:86:
    63:18:85:9b:d3:88:35:54:b6:1f:e9:21:34:df:7c:
    a4:d6:5b:17:79:21:fd:1f
coefficient:
    75:17:c4:6a:07:e5:d1:52:51:da:42:b1:20:f1:1f:
    87:f4:d3:2b:83:a4:55:e6:18:82:2d:ed:d2:fc:8f:
    da:37:07:e3:62:51:7a:8b:af:e7:2e:f5:41:10:7e:
    d5:45:43:e8:c1:1f:0b:84:cc:88:bc:63:e1:8c:20:
    1d:6c:9b:92:5a:f3:46:d7:23:ff:3e:94:13:5d:1d:
    c3:db:ac:29:1a:70:87:92:dd:92:f5:55:fe:e0:5f:
    90:e9:cb:83:43:05:72:15:2e:8a:09:10:d7:49:ed:
    d4:0c:29:12:03:a7:62:f4:f3:4f:e1:6e:c6:e2:7f:
    76:82:3b:b1:b3:45:15:ca
-----BEGIN PRIVATE KEY-----
MIIEvAIBADANBgkqhkiG9w0BAQEFAASCBKYwggSiAgEAAoIBAQC3Aqv+IA5TqEhy
MSqxBZH2QcBrz+YyUl16Ba1w3adtjKoyqOz0NSJGfazIwMWHd8NDOo2QCrcypJH9
1V8pA7OIxpyIFqHICDJR40+ZvM6sa19z6Mlm35CHJOUf0jwqgxChWGwpnI6Id9a8
slnHhSxHfqc3uw8ViGq809IAfD3r2aAmZ9uBDe9TFhFMhvDW1jkVWrQxITwLFVEI
z/ObjOK2PyyvI/iFJUAd0FYvVkBV9w+sdYzpQRawNQj1f9NmuytaNKE/9NtKVQVe
4lXFL71hNmOAwBor0DNA0EQ47NFwaiE0yRz3pPmgtd5EhozyId+B5LFr1OQZLFxS
eEABEM/PAgMBAAECggEAVREx30MJRcugOSwveu9q5Hu1tKeDifqNJs4Cy8bML3jG
GBw7YFxeXUPHj91DM+/wXIyYBs9kTm7+yW1n+UmWJ0qisgNLGg7tTPELLBv+OVkD
mn4nN+FNbfQxaLQxcVVQ4p6WUFVMT5TcxQNmBf8aEPWHRrl1jn3Fl5YiNEWMBtds
gh7UbVOApcGEa4LgNaicnBvlPCO0GbSeK/N1Wl8027Y5El3Iw26Hihd4ffYe99+I
FufpCkfadn2yMUsBfAbr2ggjdr8+mxnfFdKYwNoZ/d7PVplJHzqT7wXRIFyvZy7+
0xEA1GKQjbeOElqo9lmupISY6vMI2lTRrLbduliTqQKBgQDvX8Ib1H+HmKwkpmMa
ZXKtsNApVvY88MWbRUc95X3cDdX3D8jtKE3Pra9z1EWvTVLG96pyYVP21yfL76Jx
DcA6TIYZcgut6H6Ah1qN5LvRJo8keHNZLuOarofT+k+HpiKff5oMZMa/POGUos79
Y/VTofXE4Amv6c4On92u2eyE3QKBgQDDuLpqxVKHjPLeXNDWWJMMSkI+NfP3q6eW
f1vBlkEvdUyjj/P22yEDZ2wVXLcPW3a6a6o4fQLGOoQI66KnLE++ZY8FZcz2mrfa
O901EeJdW+7xvaDVqBeN05b4HPN2C3itIPqPR82ws9BseVTXMBkoxNrRn+dxFUcg
UEStmPD2mwKBgFh9OsGU/Yv/2Ws3Ax3H8OvamCkgF6kRjMtIgfyUsME/cCCD+lAJ
fTJPz7Nu/k++suIQvjbIWgS/JtwR+yf14GDs1wnjCgRBFTqoTsZzjybTLUlbKbEH
T2ZoLJglSW8o8FWsEyOPwZUCiZWr1f8AC7nd/n/IHmykbuMjIA06TGAVAoGARcu7
ltXVT4eBGLEKvFWL4uccZmkBHoJ1WiMCyq9VgaIX+YAdZRvR0w/vqFKO6YgZd/Nr
GYfjFGPLsA6vy2Pu8Bvxe+BIzmxwQf/1K7a7/cUKGeUg1PCDrc0V2lcgryj6GOtY
zv2xKWGGYxiFm9OINVS2H+khNN98pNZbF3kh/R8CgYB1F8RqB+XRUlHaQrEg8R+H
9NMrg6RV5hiCLe3S/I/aNwfjYlF6i6/nLvVBEH7VRUPowR8LhMyIvGPhjCAdbJuS
WvNG1yP/PpQTXR3D26wpGnCHkt2S9VX+4F+Q6cuDQwVyFS6KCRDXSe3UDCkSA6di
9PNP4W7G4n92gjuxs0UVyg==
-----END PRIVATE KEY-----
